#
# A fatal error has been detected by the Java Runtime Environment:
#
#  SIGSEGV (0xb) at pc=0xb75baf56, pid=2137, tid=2911525696
#
# JRE version: OpenJDK Runtime Environment (7.0_51) (build 1.7.0_51-b00)
# Java VM: OpenJDK Client VM (24.45-b08 mixed mode, sharing linux-x86 )
# Problematic frame:
# C  [libc.so.6+0x7ff56]  memccpy+0xe6
#
# Failed to write core dump. Core dumps have been disabled. To enable core dumping, try "ulimit -c unlimited" before starting Java again
#
# If you would like to submit a bug report, please include
# instructions on how to reproduce the bug and visit:
#   http://icedtea.classpath.org/bugzilla
# The crash happened outside the Java Virtual Machine in native code.
# See problematic frame for where to report the bug.
#

---------------  T H R E A D  ---------------

Current thread (0xb26ae400):  JavaThread "LWJGL Application" [_thread_in_native, id=2370, stack(0xad855000,0xad8a6000)]

siginfo:si_signo=SIGSEGV: si_errno=0, si_code=2 (SEGV_ACCERR), si_addr=0xabb931e0

Registers:
EAX=0x00000000, EBX=0xad736000, ECX=0x00000003, EDX=0xad8a3e84
ESP=0xad8a3d88, EBP=0x00000001, ESI=0xabb931e0, EDI=0xabb110c8
EIP=0xb75baf56, EFLAGS=0x00010246, CR2=0xabb931e0

Top of Stack: (sp=0xad8a3d88)
0xad8a3d88:   abb110c8 ad4a2038 abb110c8 abb931e0
0xad8a3d98:   0000000c b76eb000 b3f00010 ad8a3e24
0xad8a3da8:   00006d74 ad8a3e44 00000000 00000000
0xad8a3db8:   00000010 ad736000 00000000 00000003
0xad8a3dc8:   00000003 ad4a262b 00000004 ad8a3e1c
0xad8a3dd8:   ad8a3e20 00000000 00000000 00000000
0xad8a3de8:   00000000 ad8a3e24 00000003 ad8a4c98
0xad8a3df8:   00000000 00000000 00000000 ad8a471c 

Instructions: (pc=0xb75baf56)
0xb75baf36:   16 a4 49 f7 c6 03 00 00 00 74 0c a4 49 f7 c6 03
0xb75baf46:   00 00 00 74 02 a4 49 50 89 c8 c1 e9 02 83 e0 03
0xb75baf56:   f3 a5 89 c1 f3 a4 58 89 c7 89 d6 8b 44 24 04 c3
0xb75baf66:   d1 e9 73 01 a4 d1 e9 73 02 66 a5 f3 a5 eb e8 66 

Register to memory mapping:

EAX=0x00000000 is an unknown value
EBX=0xad736000: <offset 0x3cd000> in /usr/lib/i386-linux-gnu/libdricore9.2.1.so.1 at 0xad369000
ECX=0x00000003 is an unknown value
EDX=0xad8a3e84 is pointing into the stack for thread: 0xb26ae400
ESP=0xad8a3d88 is pointing into the stack for thread: 0xb26ae400
EBP=0x00000001 is an unknown value
ESI=0xabb931e0 is an unknown value
EDI=0xabb110c8 is an unknown value


Stack: [0xad855000,0xad8a6000],  sp=0xad8a3d88,  free space=315k
Native frames: (J=compiled Java code, j=interpreted, Vv=VM code, C=native code)
C  [libc.so.6+0x7ff56]  memccpy+0xe6

Java frames: (J=compiled Java code, j=interpreted, Vv=VM code)
j  org.lwjgl.opengl.GL11.nglDrawElements(IIIJJ)V+0
j  org.lwjgl.opengl.GL11.glDrawElements(ILjava/nio/ShortBuffer;)V+34
j  com.badlogic.gdx.backends.lwjgl.LwjglGL10.glDrawElements(IIILjava/nio/Buffer;)V+21
j  com.badlogic.gdx.graphics.Mesh.render(IIIZ)V+105
j  com.badlogic.gdx.graphics.Mesh.render(III)V+8
j  com.badlogic.gdx.graphics.g3d.shaders.GLES10Shader.render(Lcom/badlogic/gdx/graphics/g3d/Renderable;)V+633
j  com.badlogic.gdx.graphics.g3d.ModelBatch.flush()V+83
j  com.badlogic.gdx.graphics.g3d.ModelBatch.end()V+1
j  com.hexbit.tetris.threed.Screen3D.render(F)V+114
j  com.badlogic.gdx.Game.render()V+19
j  com.badlogic.gdx.backends.lwjgl.LwjglApplication.mainLoop()V+642
j  com.badlogic.gdx.backends.lwjgl.LwjglApplication$1.run()V+27
v  ~StubRoutines::call_stub

---------------  P R O C E S S  ---------------

Java Threads: ( => current thread )
  0xb3f12800 JavaThread "process reaper" daemon [_thread_blocked, id=2389, stack(0xb2725000,0xb273c000)]
  0xb6807c00 JavaThread "DestroyJavaVM" [_thread_blocked, id=2142, stack(0xb6913000,0xb6964000)]
=>0xb26ae400 JavaThread "LWJGL Application" [_thread_in_native, id=2370, stack(0xad855000,0xad8a6000)]
  0xb260cc00 JavaThread "AWT-XAWT" daemon [_thread_in_native, id=2283, stack(0xb255e000,0xb25af000)]
  0xb68fb800 JavaThread "Java2D Disposer" daemon [_thread_blocked, id=2265, stack(0xb25af000,0xb2600000)]
  0xb684bc00 JavaThread "Service Thread" daemon [_thread_blocked, id=2162, stack(0xb400d000,0xb405e000)]
  0xb6849c00 JavaThread "C1 CompilerThread0" daemon [_thread_blocked, id=2161, stack(0xb3b4e000,0xb3bcf000)]
  0xb6848000 JavaThread "Signal Dispatcher" daemon [_thread_blocked, id=2160, stack(0xb405e000,0xb40af000)]
  0xb6833400 JavaThread "Finalizer" daemon [_thread_blocked, id=2150, stack(0xb40af000,0xb4100000)]
  0xb6831c00 JavaThread "Reference Handler" daemon [_thread_blocked, id=2149, stack(0xb4247000,0xb4298000)]

Other Threads:
  0xb6830400 VMThread [stack: 0xb4298000,0xb4319000] [id=2146]
  0xb684e000 WatcherThread [stack: 0xb3acd000,0xb3b4e000] [id=2166]

VM state:not at safepoint (normal execution)

VM Mutex/Monitor currently owned by a thread: None

Heap
 def new generation   total 4928K, used 1411K [0x6e980000, 0x6eed0000, 0x79420000)
  eden space 4416K,  20% used [0x6e980000, 0x6ea60f68, 0x6edd0000)
  from space 512K,  99% used [0x6edd0000, 0x6ee4fff8, 0x6ee50000)
  to   space 512K,   0% used [0x6ee50000, 0x6ee50000, 0x6eed0000)
 tenured generation   total 10944K, used 1301K [0x79420000, 0x79ed0000, 0x8e980000)
   the space 10944K,  11% used [0x79420000, 0x79565698, 0x79565800, 0x79ed0000)
 compacting perm gen  total 12288K, used 2007K [0x8e980000, 0x8f580000, 0x92980000)
   the space 12288K,  16% used [0x8e980000, 0x8eb75cb0, 0x8eb75e00, 0x8f580000)
    ro space 10240K,  58% used [0x92980000, 0x92f5c810, 0x92f5ca00, 0x93380000)
    rw space 12288K,  59% used [0x93380000, 0x93a9ce58, 0x93a9d000, 0x93f80000)

Card table byte_map: [0xb45db000,0xb4707000] byte_map_base: 0xb4266400

Polling page: 0xb76fd000

Code Cache  [0xb4787000, 0xb484f000, 0xb6787000)
 total_blobs=421 nmethods=104 adapters=254 free_code_cache=31968Kb largest_free_block=32735296

Compilation events (10 events):
Event: 2.058 Thread 0xb6849c00   99             java.net.URL::getQuery (5 bytes)
Event: 2.058 Thread 0xb6849c00 nmethod 99 0xb484d788 code [0xb484d880, 0xb484d900]
Event: 2.061 Thread 0xb6849c00  100             java.net.URL::getPort (5 bytes)
Event: 2.061 Thread 0xb6849c00 nmethod 100 0xb484d948 code [0xb484da40, 0xb484dac0]
Event: 2.109 Thread 0xb6849c00  102             java.util.zip.Inflater::ensureOpen (47 bytes)
Event: 2.110 Thread 0xb6849c00 nmethod 102 0xb484dd88 code [0xb484de90, 0xb484df9c]
Event: 2.110 Thread 0xb6849c00  103   !         sun.misc.URLClassPath$JarLoader::getResource (91 bytes)
Event: 2.112 Thread 0xb6849c00 nmethod 103 0xb484e048 code [0xb484e220, 0xb484e670]
Event: 2.112 Thread 0xb6849c00  104   !         sun.misc.URLClassPath$JarLoader::ensureOpen (32 bytes)
Event: 2.113 Thread 0xb6849c00 nmethod 104 0xb484ec48 code [0xb484ed60, 0xb484eeac]

GC Heap History (4 events):
Event: 0.768 GC heap before
{Heap before GC invocations=0 (full 0):
 def new generation   total 4928K, used 4416K [0x6e980000, 0x6eed0000, 0x79420000)
  eden space 4416K, 100% used [0x6e980000, 0x6edd0000, 0x6edd0000)
  from space 512K,   0% used [0x6edd0000, 0x6edd0000, 0x6ee50000)
  to   space 512K,   0% used [0x6ee50000, 0x6ee50000, 0x6eed0000)
 tenured generation   total 10944K, used 0K [0x79420000, 0x79ed0000, 0x8e980000)
   the space 10944K,   0% used [0x79420000, 0x79420000, 0x79420200, 0x79ed0000)
 compacting perm gen  total 12288K, used 971K [0x8e980000, 0x8f580000, 0x92980000)
   the space 12288K,   7% used [0x8e980000, 0x8ea72e10, 0x8ea73000, 0x8f580000)
    ro space 10240K,  58% used [0x92980000, 0x92f5c810, 0x92f5ca00, 0x93380000)
    rw space 12288K,  59% used [0x93380000, 0x93a9ce58, 0x93a9d000, 0x93f80000)
Event: 0.780 GC heap after
Heap after GC invocations=1 (full 0):
 def new generation   total 4928K, used 512K [0x6e980000, 0x6eed0000, 0x79420000)
  eden space 4416K,   0% used [0x6e980000, 0x6e980000, 0x6edd0000)
  from space 512K, 100% used [0x6ee50000, 0x6eed0000, 0x6eed0000)
  to   space 512K,   0% used [0x6edd0000, 0x6edd0000, 0x6ee50000)
 tenured generation   total 10944K, used 524K [0x79420000, 0x79ed0000, 0x8e980000)
   the space 10944K,   4% used [0x79420000, 0x794a33f8, 0x794a3400, 0x79ed0000)
 compacting perm gen  total 12288K, used 971K [0x8e980000, 0x8f580000, 0x92980000)
   the space 12288K,   7% used [0x8e980000, 0x8ea72e10, 0x8ea73000, 0x8f580000)
    ro space 10240K,  58% used [0x92980000, 0x92f5c810, 0x92f5ca00, 0x93380000)
    rw space 12288K,  59% used [0x93380000, 0x93a9ce58, 0x93a9d000, 0x93f80000)
}
Event: 2.020 GC heap before
{Heap before GC invocations=1 (full 0):
 def new generation   total 4928K, used 4928K [0x6e980000, 0x6eed0000, 0x79420000)
  eden space 4416K, 100% used [0x6e980000, 0x6edd0000, 0x6edd0000)
  from space 512K, 100% used [0x6ee50000, 0x6eed0000, 0x6eed0000)
  to   space 512K,   0% used [0x6edd0000, 0x6edd0000, 0x6ee50000)
 tenured generation   total 10944K, used 524K [0x79420000, 0x79ed0000, 0x8e980000)
   the space 10944K,   4% used [0x79420000, 0x794a33f8, 0x794a3400, 0x79ed0000)
 compacting perm gen  total 12288K, used 1908K [0x8e980000, 0x8f580000, 0x92980000)
   the space 12288K,  15% used [0x8e980000, 0x8eb5d0f0, 0x8eb5d200, 0x8f580000)
    ro space 10240K,  58% used [0x92980000, 0x92f5c810, 0x92f5ca00, 0x93380000)
    rw space 12288K,  59% used [0x93380000, 0x93a9ce58, 0x93a9d000, 0x93f80000)
Event: 2.034 GC heap after
Heap after GC invocations=2 (full 0):
 def new generation   total 4928K, used 511K [0x6e980000, 0x6eed0000, 0x79420000)
  eden space 4416K,   0% used [0x6e980000, 0x6e980000, 0x6edd0000)
  from space 512K,  99% used [0x6edd0000, 0x6ee4fff8, 0x6ee50000)
  to   space 512K,   0% used [0x6ee50000, 0x6ee50000, 0x6eed0000)
 tenured generation   total 10944K, used 1301K [0x79420000, 0x79ed0000, 0x8e980000)
   the space 10944K,  11% used [0x79420000, 0x79565698, 0x79565800, 0x79ed0000)
 compacting perm gen  total 12288K, used 1908K [0x8e980000, 0x8f580000, 0x92980000)
   the space 12288K,  15% used [0x8e980000, 0x8eb5d0f0, 0x8eb5d200, 0x8f580000)
    ro space 10240K,  58% used [0x92980000, 0x92f5c810, 0x92f5ca00, 0x93380000)
    rw space 12288K,  59% used [0x93380000, 0x93a9ce58, 0x93a9d000, 0x93f80000)
}

Deoptimization events (0 events):
No events

Internal exceptions (10 events):
Event: 2.066 Thread 0xb26ae400 Threw 0x6ea09b98 at /build/buildd/openjdk-7-7u51-2.4.4/build/openjdk/hotspot/src/share/vm/prims/jvm.cpp:1244
Event: 2.067 Thread 0xb26ae400 Threw 0x6ea0d728 at /build/buildd/openjdk-7-7u51-2.4.4/build/openjdk/hotspot/src/share/vm/prims/jvm.cpp:1244
Event: 2.069 Thread 0xb26ae400 Threw 0x6ea10d48 at /build/buildd/openjdk-7-7u51-2.4.4/build/openjdk/hotspot/src/share/vm/prims/jvm.cpp:1244
Event: 2.081 Thread 0xb26ae400 Threw 0x6ea14918 at /build/buildd/openjdk-7-7u51-2.4.4/build/openjdk/hotspot/src/share/vm/prims/jvm.cpp:1244
Event: 2.091 Thread 0xb26ae400 Threw 0x6ea1afd8 at /build/buildd/openjdk-7-7u51-2.4.4/build/openjdk/hotspot/src/share/vm/prims/jvm.cpp:1244
Event: 2.093 Thread 0xb26ae400 Threw 0x6ea204f8 at /build/buildd/openjdk-7-7u51-2.4.4/build/openjdk/hotspot/src/share/vm/prims/jvm.cpp:1244
Event: 2.101 Thread 0xb26ae400 Threw 0x6ea2c9f8 at /build/buildd/openjdk-7-7u51-2.4.4/build/openjdk/hotspot/src/share/vm/prims/jvm.cpp:1244
Event: 2.102 Thread 0xb26ae400 Threw 0x6ea31140 at /build/buildd/openjdk-7-7u51-2.4.4/build/openjdk/hotspot/src/share/vm/prims/jvm.cpp:1244
Event: 2.108 Thread 0xb26ae400 Threw 0x6ea429b8 at /build/buildd/openjdk-7-7u51-2.4.4/build/openjdk/hotspot/src/share/vm/prims/jvm.cpp:1244
Event: 2.109 Thread 0xb26ae400 Threw 0x6ea47ac8 at /build/buildd/openjdk-7-7u51-2.4.4/build/openjdk/hotspot/src/share/vm/prims/jvm.cpp:1244

Events (10 events):
Event: 2.093 loading class 0xac1d61c0
Event: 2.093 loading class 0xac1d61c0 done
Event: 2.101 loading class 0xac070870
Event: 2.101 loading class 0xac070870 done
Event: 2.102 loading class 0xac0756c0
Event: 2.102 loading class 0xac0756c0 done
Event: 2.108 loading class 0xb6887570
Event: 2.108 loading class 0xb6887570 done
Event: 2.109 loading class 0xabaeefe0
Event: 2.109 loading class 0xabaeefe0 done


Dynamic libraries:
08048000-08049000 r-xp 00000000 08:15 9440565    /usr/lib/jvm/java-7-openjdk-i386/jre/bin/java
08049000-0804a000 r--p 00000000 08:15 9440565    /usr/lib/jvm/java-7-openjdk-i386/jre/bin/java
0804a000-0804b000 rw-p 00001000 08:15 9440565    /usr/lib/jvm/java-7-openjdk-i386/jre/bin/java
09ab9000-09ada000 rw-p 00000000 00:00 0          [heap]
6e980000-6eed0000 rw-p 00000000 00:00 0 
6eed0000-79420000 rw-p 00000000 00:00 0 
79420000-79ed0000 rw-p 00000000 00:00 0 
79ed0000-8e980000 rw-p 00000000 00:00 0 
8e980000-8f580000 rw-p 00000000 00:00 0 
8f580000-92980000 rw-p 00000000 00:00 0 
92980000-92f5d000 r--p 00001000 08:15 9439023    /usr/lib/jvm/java-7-openjdk-i386/jre/lib/i386/client/classes.jsa
92f5d000-93380000 rw-p 00000000 00:00 0 
93380000-93a9d000 rw-p 005de000 08:15 9439023    /usr/lib/jvm/java-7-openjdk-i386/jre/lib/i386/client/classes.jsa
93a9d000-93f80000 rw-p 00000000 00:00 0 
93f80000-9428e000 rw-p 00cfb000 08:15 9439023    /usr/lib/jvm/java-7-openjdk-i386/jre/lib/i386/client/classes.jsa
9428e000-94380000 rw-p 00000000 00:00 0 
94380000-94389000 r-xp 01009000 08:15 9439023    /usr/lib/jvm/java-7-openjdk-i386/jre/lib/i386/client/classes.jsa
94389000-94780000 rw-p 00000000 00:00 0 
ab000000-aba00000 rwxp 00000000 00:00 0 
aba00000-abaf2000 rw-p 00000000 00:00 0 
abaf2000-abb00000 ---p 00000000 00:00 0 
abb00000-abb32000 rw-p 00000000 00:00 0 
abb32000-abc00000 ---p 00000000 00:00 0 
abc00000-abcfd000 rw-p 00000000 00:00 0 
abcfd000-abd00000 ---p 00000000 00:00 0 
abd72000-ac000000 rw-p 00000000 00:00 0 
ac000000-ac0ff000 rw-p 00000000 00:00 0 
ac0ff000-ac100000 ---p 00000000 00:00 0 
ac100000-ac1fd000 rw-p 00000000 00:00 0 
ac1fd000-ac200000 ---p 00000000 00:00 0 
ac200000-ac2f9000 rw-p 00000000 00:00 0 
ac2f9000-ac300000 ---p 00000000 00:00 0 
ac38c000-ad251000 rw-p 00000000 00:00 0 
ad251000-ad2a8000 rw-p 00000000 00:00 0 
ad308000-ad33a000 r-xp 00000000 08:15 9047037    /usr/lib/i386-linux-gnu/libtxc_dxtn_s2tc.so.0.0.0
ad33a000-ad33b000 r--p 00031000 08:15 9047037    /usr/lib/i386-linux-gnu/libtxc_dxtn_s2tc.so.0.0.0
ad33b000-ad33c000 rw-p 00032000 08:15 9047037    /usr/lib/i386-linux-gnu/libtxc_dxtn_s2tc.so.0.0.0
ad33c000-ad345000 r-xp 00000000 08:15 9044724    /usr/lib/i386-linux-gnu/libpciaccess.so.0.11.1
ad345000-ad346000 r--p 00008000 08:15 9044724    /usr/lib/i386-linux-gnu/libpciaccess.so.0.11.1
ad346000-ad347000 rw-p 00009000 08:15 9044724    /usr/lib/i386-linux-gnu/libpciaccess.so.0.11.1
ad347000-ad367000 r-xp 00000000 08:15 9047597    /usr/lib/i386-linux-gnu/libdrm_intel.so.1.0.0
ad367000-ad368000 r--p 0001f000 08:15 9047597    /usr/lib/i386-linux-gnu/libdrm_intel.so.1.0.0
ad368000-ad369000 rw-p 00020000 08:15 9047597    /usr/lib/i386-linux-gnu/libdrm_intel.so.1.0.0
ad369000-ad72e000 r-xp 00000000 08:15 9046425    /usr/lib/i386-linux-gnu/libdricore9.2.1.so.1.0.0
ad72e000-ad736000 r--p 003c5000 08:15 9046425    /usr/lib/i386-linux-gnu/libdricore9.2.1.so.1.0.0
ad736000-ad73c000 rw-p 003cd000 08:15 9046425    /usr/lib/i386-linux-gnu/libdricore9.2.1.so.1.0.0
ad73c000-ad751000 rw-p 00000000 00:00 0 
ad751000-ad7a1000 r-xp 00000000 08:15 9049972    /usr/lib/i386-linux-gnu/dri/i915_dri.so
ad7a1000-ad7a2000 r--p 0004f000 08:15 9049972    /usr/lib/i386-linux-gnu/dri/i915_dri.so
ad7a2000-ad7a3000 rw-p 00050000 08:15 9049972    /usr/lib/i386-linux-gnu/dri/i915_dri.so
ad7a3000-ad7ae000 r-xp 00000000 08:15 9047288    /usr/lib/i386-linux-gnu/libdrm.so.2.4.0
ad7ae000-ad7af000 r--p 0000a000 08:15 9047288    /usr/lib/i386-linux-gnu/libdrm.so.2.4.0
ad7af000-ad7b0000 rw-p 0000b000 08:15 9047288    /usr/lib/i386-linux-gnu/libdrm.so.2.4.0
ad7b0000-ad7c6000 r-xp 00000000 08:15 9052841    /usr/lib/i386-linux-gnu/libxcb-glx.so.0.0.0
ad7c6000-ad7c7000 r--p 00016000 08:15 9052841    /usr/lib/i386-linux-gnu/libxcb-glx.so.0.0.0
ad7c7000-ad7c8000 rw-p 00017000 08:15 9052841    /usr/lib/i386-linux-gnu/libxcb-glx.so.0.0.0
ad7c8000-ad7d7000 r-xp 00000000 08:15 9047480    /usr/lib/i386-linux-gnu/libglapi.so.0.0.0
ad7d7000-ad7d9000 r--p 0000f000 08:15 9047480    /usr/lib/i386-linux-gnu/libglapi.so.0.0.0
ad7d9000-ad7de000 rwxp 00011000 08:15 9047480    /usr/lib/i386-linux-gnu/libglapi.so.0.0.0
ad7de000-ad830000 r-xp 00000000 08:15 9046422    /usr/lib/i386-linux-gnu/mesa/libGL.so.1.2.0
ad830000-ad832000 r--p 00051000 08:15 9046422    /usr/lib/i386-linux-gnu/mesa/libGL.so.1.2.0
ad832000-ad837000 rwxp 00053000 08:15 9046422    /usr/lib/i386-linux-gnu/mesa/libGL.so.1.2.0
ad855000-ad858000 ---p 00000000 00:00 0 
ad858000-ad8a6000 rw-p 00000000 00:00 0          [stack:2370]
ad8a6000-ad8a7000 ---p 00000000 00:00 0 
ad8a7000-ad9a7000 rw-p 00000000 00:00 0          [stack:2338]
ad9a7000-b19a8000 rw-s 00000000 00:13 40653480   /run/shm/pulse-shm-1282054727
b19a8000-b19a9000 ---p 00000000 00:00 0 
b19a9000-b21a9000 rw-p 00000000 00:00 0          [stack:2322]
b21a9000-b21d2000 r-xp 00000000 08:15 9047239    /usr/lib/i386-linux-gnu/libvorbis.so.0.4.5
b21d2000-b21d3000 ---p 00029000 08:15 9047239    /usr/lib/i386-linux-gnu/libvorbis.so.0.4.5
b21d3000-b21d4000 r--p 00029000 08:15 9047239    /usr/lib/i386-linux-gnu/libvorbis.so.0.4.5
b21d4000-b21d5000 rw-p 0002a000 08:15 9047239    /usr/lib/i386-linux-gnu/libvorbis.so.0.4.5
b21d5000-b233b000 r-xp 00000000 08:15 9047241    /usr/lib/i386-linux-gnu/libvorbisenc.so.2.0.8
b233b000-b234c000 r--p 00165000 08:15 9047241    /usr/lib/i386-linux-gnu/libvorbisenc.so.2.0.8
b234c000-b234d000 rw-p 00176000 08:15 9047241    /usr/lib/i386-linux-gnu/libvorbisenc.so.2.0.8
b234d000-b237f000 r-xp 00000000 08:15 9047377    /usr/lib/i386-linux-gnu/libFLAC.so.8.3.0
b237f000-b2380000 r--p 00031000 08:15 9047377    /usr/lib/i386-linux-gnu/libFLAC.so.8.3.0
b2380000-b2381000 rw-p 00032000 08:15 9047377    /usr/lib/i386-linux-gnu/libFLAC.so.8.3.0
b2381000-b23ec000 r-xp 00000000 08:15 9047384    /usr/lib/i386-linux-gnu/libsndfile.so.1.0.25
b23ec000-b23ed000 ---p 0006b000 08:15 9047384    /usr/lib/i386-linux-gnu/libsndfile.so.1.0.25
b23ed000-b23ee000 r--p 0006b000 08:15 9047384    /usr/lib/i386-linux-gnu/libsndfile.so.1.0.25
b23ee000-b23ef000 rw-p 0006c000 08:15 9047384    /usr/lib/i386-linux-gnu/libsndfile.so.1.0.25
b23ef000-b23f3000 rw-p 00000000 00:00 0 
b23f3000-b2460000 r-xp 00000000 08:15 9047118    /usr/lib/i386-linux-gnu/pulseaudio/libpulsecommon-4.0.so
b2460000-b2461000 r--p 0006c000 08:15 9047118    /usr/lib/i386-linux-gnu/pulseaudio/libpulsecommon-4.0.so
b2461000-b2462000 rw-p 0006d000 08:15 9047118    /usr/lib/i386-linux-gnu/pulseaudio/libpulsecommon-4.0.so
b2462000-b24af000 r-xp 00000000 08:15 9047119    /usr/lib/i386-linux-gnu/libpulse.so.0.16.2
b24af000-b24b0000 r--p 0004c000 08:15 9047119    /usr/lib/i386-linux-gnu/libpulse.so.0.16.2
b24b0000-b24b1000 rw-p 0004d000 08:15 9047119    /usr/lib/i386-linux-gnu/libpulse.so.0.16.2
b24b1000-b24ff000 r-xp 00000000 08:15 18744087   /tmp/libgdxbrett/13fdc6a4/libopenal.so
b24ff000-b2501000 r--p 0004d000 08:15 18744087   /tmp/libgdxbrett/13fdc6a4/libopenal.so
b2501000-b2502000 rw-p 0004f000 08:15 18744087   /tmp/libgdxbrett/13fdc6a4/libopenal.so
b2502000-b255c000 r-xp 00000000 08:15 18744086   /tmp/libgdxbrett/13fdc6a4/liblwjgl.so
b255c000-b255d000 r--p 0005a000 08:15 18744086   /tmp/libgdxbrett/13fdc6a4/liblwjgl.so
b255d000-b255e000 rw-p 0005b000 08:15 18744086   /tmp/libgdxbrett/13fdc6a4/liblwjgl.so
b255e000-b2561000 ---p 00000000 00:00 0 
b2561000-b25af000 rw-p 00000000 00:00 0          [stack:2283]
b25af000-b25b2000 ---p 00000000 00:00 0 
b25b2000-b2600000 rw-p 00000000 00:00 0          [stack:2265]
b2600000-b26b8000 rw-p 00000000 00:00 0 
b26b8000-b2700000 ---p 00000000 00:00 0 
b2700000-b2701000 rw-p 00000000 00:00 0 
b2701000-b2702000 rwxp 00000000 00:00 0 
b2702000-b2706000 r-xp 00000000 08:15 9052838    /usr/lib/i386-linux-gnu/libxcb-dri2.so.0.0.0
b2706000-b2707000 r--p 00003000 08:15 9052838    /usr/lib/i386-linux-gnu/libxcb-dri2.so.0.0.0
b2707000-b2708000 rw-p 00004000 08:15 9052838    /usr/lib/i386-linux-gnu/libxcb-dri2.so.0.0.0
b2708000-b2709000 r-xp 00000000 08:15 9052032    /usr/lib/i386-linux-gnu/libX11-xcb.so.1.0.0
b2709000-b270a000 r--p 00000000 08:15 9052032    /usr/lib/i386-linux-gnu/libX11-xcb.so.1.0.0
b270a000-b270b000 rw-p 00001000 08:15 9052032    /usr/lib/i386-linux-gnu/libX11-xcb.so.1.0.0
b270b000-b2712000 r-xp 00000000 08:15 9055339    /usr/lib/i386-linux-gnu/libogg.so.0.8.1
b2712000-b2713000 r--p 00006000 08:15 9055339    /usr/lib/i386-linux-gnu/libogg.so.0.8.1
b2713000-b2714000 rw-p 00007000 08:15 9055339    /usr/lib/i386-linux-gnu/libogg.so.0.8.1
b2714000-b2719000 r-xp 00000000 08:15 9047799    /usr/lib/i386-linux-gnu/libasyncns.so.0.3.1
b2719000-b271a000 r--p 00004000 08:15 9047799    /usr/lib/i386-linux-gnu/libasyncns.so.0.3.1
b271a000-b271b000 rw-p 00005000 08:15 9047799    /usr/lib/i386-linux-gnu/libasyncns.so.0.3.1
b271b000-b2723000 r-xp 00000000 08:15 17171366   /lib/i386-linux-gnu/libwrap.so.0.7.6
b2723000-b2724000 r--p 00007000 08:15 17171366   /lib/i386-linux-gnu/libwrap.so.0.7.6
b2724000-b2725000 rw-p 00008000 08:15 17171366   /lib/i386-linux-gnu/libwrap.so.0.7.6
b2725000-b2728000 ---p 00000000 00:00 0 
b2728000-b273c000 rw-p 00000000 00:00 0          [stack:2389]
b273c000-b2743000 r--s 00000000 08:15 9058023    /usr/lib/i386-linux-gnu/gconv/gconv-modules.cache
b2743000-b2746000 r-xp 00000000 08:15 17171247   /lib/i386-linux-gnu/libgpg-error.so.0.10.0
b2746000-b2747000 r--p 00002000 08:15 17171247   /lib/i386-linux-gnu/libgpg-error.so.0.10.0
b2747000-b2748000 rw-p 00003000 08:15 17171247   /lib/i386-linux-gnu/libgpg-error.so.0.10.0
b2748000-b274a000 r-xp 00000000 08:15 17171422   /lib/i386-linux-gnu/libkeyutils.so.1.4
b274a000-b274b000 r--p 00002000 08:15 17171422   /lib/i386-linux-gnu/libkeyutils.so.1.4
b274b000-b274c000 rw-p 00003000 08:15 17171422   /lib/i386-linux-gnu/libkeyutils.so.1.4
b274c000-b2764000 r-xp 00000000 08:15 9045533    /usr/lib/i386-linux-gnu/libgraphite2.so.3.0.1
b2764000-b2765000 ---p 00018000 08:15 9045533    /usr/lib/i386-linux-gnu/libgraphite2.so.3.0.1
b2765000-b2766000 r--p 00018000 08:15 9045533    /usr/lib/i386-linux-gnu/libgraphite2.so.3.0.1
b2766000-b2767000 rw-p 00019000 08:15 9045533    /usr/lib/i386-linux-gnu/libgraphite2.so.3.0.1
b2767000-b27b0000 r-xp 00000000 08:15 17171230   /lib/i386-linux-gnu/libdbus-1.so.3.7.4
b27b0000-b27b1000 r--p 00048000 08:15 17171230   /lib/i386-linux-gnu/libdbus-1.so.3.7.4
b27b1000-b27b2000 rw-p 00049000 08:15 17171230   /lib/i386-linux-gnu/libdbus-1.so.3.7.4
b27b2000-b27ce000 r-xp 00000000 08:15 9049003    /usr/lib/i386-linux-gnu/libp11-kit.so.0.0.0
b27ce000-b27cf000 ---p 0001c000 08:15 9049003    /usr/lib/i386-linux-gnu/libp11-kit.so.0.0.0
b27cf000-b27d0000 r--p 0001c000 08:15 9049003    /usr/lib/i386-linux-gnu/libp11-kit.so.0.0.0
b27d0000-b27d1000 rw-p 0001d000 08:15 9049003    /usr/lib/i386-linux-gnu/libp11-kit.so.0.0.0
b27d1000-b27e1000 r-xp 00000000 08:15 9049000    /usr/lib/i386-linux-gnu/libtasn1.so.3.2.0
b27e1000-b27e2000 r--p 0000f000 08:15 9049000    /usr/lib/i386-linux-gnu/libtasn1.so.3.2.0
b27e2000-b27e3000 rw-p 00010000 08:15 9049000    /usr/lib/i386-linux-gnu/libtasn1.so.3.2.0
b27e3000-b2864000 r-xp 00000000 08:15 17171319   /lib/i386-linux-gnu/libgcrypt.so.11.7.0
b2864000-b2865000 r--p 00081000 08:15 17171319   /lib/i386-linux-gnu/libgcrypt.so.11.7.0
b2865000-b2867000 rw-p 00082000 08:15 17171319   /lib/i386-linux-gnu/libgcrypt.so.11.7.0
b2867000-b286e000 r-xp 00000000 08:15 9046993    /usr/lib/i386-linux-gnu/libkrb5support.so.0.1
b286e000-b286f000 r--p 00006000 08:15 9046993    /usr/lib/i386-linux-gnu/libkrb5support.so.0.1
b286f000-b2870000 rw-p 00007000 08:15 9046993    /usr/lib/i386-linux-gnu/libkrb5support.so.0.1
b2870000-b2873000 r-xp 00000000 08:15 17170455   /lib/i386-linux-gnu/libcom_err.so.2.1
b2873000-b2874000 r--p 00002000 08:15 17170455   /lib/i386-linux-gnu/libcom_err.so.2.1
b2874000-b2875000 rw-p 00003000 08:15 17170455   /lib/i386-linux-gnu/libcom_err.so.2.1
b2875000-b289b000 r-xp 00000000 08:15 9049688    /usr/lib/i386-linux-gnu/libk5crypto.so.3.1
b289b000-b289c000 r--p 00025000 08:15 9049688    /usr/lib/i386-linux-gnu/libk5crypto.so.3.1
b289c000-b289d000 rw-p 00026000 08:15 9049688    /usr/lib/i386-linux-gnu/libk5crypto.so.3.1
b289d000-b2965000 r-xp 00000000 08:15 9046843    /usr/lib/i386-linux-gnu/libkrb5.so.3.3
b2965000-b296b000 r--p 000c7000 08:15 9046843    /usr/lib/i386-linux-gnu/libkrb5.so.3.3
b296b000-b296c000 rw-p 000cd000 08:15 9046843    /usr/lib/i386-linux-gnu/libkrb5.so.3.3
b296c000-b2972000 r-xp 00000000 08:15 9046657    /usr/lib/i386-linux-gnu/libdatrie.so.1.2.0
b2972000-b2973000 r--p 00006000 08:15 9046657    /usr/lib/i386-linux-gnu/libdatrie.so.1.2.0
b2973000-b2974000 rw-p 00007000 08:15 9046657    /usr/lib/i386-linux-gnu/libdatrie.so.1.2.0
b2974000-b29c5000 r-xp 00000000 08:15 9046935    /usr/lib/i386-linux-gnu/libharfbuzz.so.0.919.0
b29c5000-b29c6000 r--p 00051000 08:15 9046935    /usr/lib/i386-linux-gnu/libharfbuzz.so.0.919.0
b29c6000-b29c7000 rw-p 00052000 08:15 9046935    /usr/lib/i386-linux-gnu/libharfbuzz.so.0.919.0
b29c7000-b29cf000 r-xp 00000000 08:15 9049171    /usr/lib/i386-linux-gnu/libxcb-render.so.0.0.0
b29cf000-b29d0000 r--p 00008000 08:15 9049171    /usr/lib/i386-linux-gnu/libxcb-render.so.0.0.0
b29d0000-b29d1000 rw-p 00009000 08:15 9049171    /usr/lib/i386-linux-gnu/libxcb-render.so.0.0.0
b29d1000-b29d3000 r-xp 00000000 08:15 9049175    /usr/lib/i386-linux-gnu/libxcb-shm.so.0.0.0
b29d3000-b29d4000 r--p 00001000 08:15 9049175    /usr/lib/i386-linux-gnu/libxcb-shm.so.0.0.0
b29d4000-b29d5000 rw-p 00002000 08:15 9049175    /usr/lib/i386-linux-gnu/libxcb-shm.so.0.0.0
b29d5000-b29fb000 r-xp 00000000 08:15 17171275   /lib/i386-linux-gnu/libpng12.so.0.49.0
b29fb000-b29fc000 r--p 00025000 08:15 17171275   /lib/i386-linux-gnu/libpng12.so.0.49.0
b29fc000-b29fd000 rw-p 00026000 08:15 17171275   /lib/i386-linux-gnu/libpng12.so.0.49.0
b29fd000-b2aa1000 r-xp 00000000 08:15 9049166    /usr/lib/i386-linux-gnu/libpixman-1.so.0.30.2
b2aa1000-b2aa6000 r--p 000a4000 08:15 9049166    /usr/lib/i386-linux-gnu/libpixman-1.so.0.30.2
b2aa6000-b2aa7000 rw-p 000a9000 08:15 9049166    /usr/lib/i386-linux-gnu/libpixman-1.so.0.30.2
b2aa7000-b2aac000 r-xp 00000000 08:15 9046544    /usr/lib/i386-linux-gnu/libXdmcp.so.6.0.0
b2aac000-b2aad000 r--p 00004000 08:15 9046544    /usr/lib/i386-linux-gnu/libXdmcp.so.6.0.0
b2aad000-b2aae000 rw-p 00005000 08:15 9046544    /usr/lib/i386-linux-gnu/libXdmcp.so.6.0.0
b2aae000-b2ab0000 r-xp 00000000 08:15 9047010    /usr/lib/i386-linux-gnu/libXau.so.6.0.0
b2ab0000-b2ab1000 r--p 00001000 08:15 9047010    /usr/lib/i386-linux-gnu/libXau.so.6.0.0
b2ab1000-b2ab2000 rw-p 00002000 08:15 9047010    /usr/lib/i386-linux-gnu/libXau.so.6.0.0
b2ab2000-b2ac2000 r-xp 00000000 08:15 9047824    /usr/lib/i386-linux-gnu/libavahi-client.so.3.2.9
b2ac2000-b2ac3000 r--p 0000f000 08:15 9047824    /usr/lib/i386-linux-gnu/libavahi-client.so.3.2.9
b2ac3000-b2ac4000 rw-p 00010000 08:15 9047824    /usr/lib/i386-linux-gnu/libavahi-client.so.3.2.9
b2ac4000-b2ad0000 r-xp 00000000 08:15 9047722    /usr/lib/i386-linux-gnu/libavahi-common.so.3.5.3
b2ad0000-b2ad1000 r--p 0000b000 08:15 9047722    /usr/lib/i386-linux-gnu/libavahi-common.so.3.5.3
b2ad1000-b2ad2000 rw-p 0000c000 08:15 9047722    /usr/lib/i386-linux-gnu/libavahi-common.so.3.5.3
b2ad2000-b2b93000 r-xp 00000000 08:15 9047064    /usr/lib/i386-linux-gnu/libgnutls.so.26.22.6
b2b93000-b2b97000 r--p 000c0000 08:15 9047064    /usr/lib/i386-linux-gnu/libgnutls.so.26.22.6
b2b97000-b2b98000 rw-p 000c4000 08:15 9047064    /usr/lib/i386-linux-gnu/libgnutls.so.26.22.6
b2b98000-b2bd3000 r-xp 00000000 08:15 9046989    /usr/lib/i386-linux-gnu/libgssapi_krb5.so.2.2
b2bd3000-b2bd4000 r--p 0003a000 08:15 9046989    /usr/lib/i386-linux-gnu/libgssapi_krb5.so.2.2
b2bd4000-b2bd5000 rw-p 0003b000 08:15 9046989    /usr/lib/i386-linux-gnu/libgssapi_krb5.so.2.2
b2bd5000-b2c14000 r-xp 00000000 08:15 17171313   /lib/i386-linux-gnu/libpcre.so.3.13.1
b2c14000-b2c15000 r--p 0003f000 08:15 17171313   /lib/i386-linux-gnu/libpcre.so.3.13.1
b2c15000-b2c16000 rw-p 00040000 08:15 17171313   /lib/i386-linux-gnu/libpcre.so.3.13.1
b2c16000-b2c1b000 r-xp 00000000 08:15 9048676    /usr/lib/i386-linux-gnu/libffi.so.6.0.1
b2c1b000-b2c1c000 r--p 00005000 08:15 9048676    /usr/lib/i386-linux-gnu/libffi.so.6.0.1
b2c1c000-b2c1d000 rw-p 00006000 08:15 9048676    /usr/lib/i386-linux-gnu/libffi.so.6.0.1
b2c1d000-b2c42000 r-xp 00000000 08:15 17171407   /lib/i386-linux-gnu/libexpat.so.1.6.0
b2c42000-b2c43000 ---p 00025000 08:15 17171407   /lib/i386-linux-gnu/libexpat.so.1.6.0
b2c43000-b2c45000 r--p 00025000 08:15 17171407   /lib/i386-linux-gnu/libexpat.so.1.6.0
b2c45000-b2c46000 rw-p 00027000 08:15 17171407   /lib/i386-linux-gnu/libexpat.so.1.6.0
b2c46000-b2ce0000 r-xp 00000000 08:15 9047651    /usr/lib/i386-linux-gnu/libfreetype.so.6.10.1
b2ce0000-b2ce4000 r--p 00099000 08:15 9047651    /usr/lib/i386-linux-gnu/libfreetype.so.6.10.1
b2ce4000-b2ce5000 rw-p 0009d000 08:15 9047651    /usr/lib/i386-linux-gnu/libfreetype.so.6.10.1
b2ce5000-b2ced000 r-xp 00000000 08:15 9047200    /usr/lib/i386-linux-gnu/libthai.so.0.2.0
b2ced000-b2cee000 r--p 00007000 08:15 9047200    /usr/lib/i386-linux-gnu/libthai.so.0.2.0
b2cee000-b2cef000 rw-p 00008000 08:15 9047200    /usr/lib/i386-linux-gnu/libthai.so.0.2.0
b2cef000-b2d02000 r-xp 00000000 08:15 17171268   /lib/i386-linux-gnu/libresolv-2.17.so
b2d02000-b2d03000 r--p 00013000 08:15 17171268   /lib/i386-linux-gnu/libresolv-2.17.so
b2d03000-b2d04000 rw-p 00014000 08:15 17171268   /lib/i386-linux-gnu/libresolv-2.17.so
b2d04000-b2d06000 rw-p 00000000 00:00 0 
b2d06000-b2d26000 r-xp 00000000 08:15 17170457   /lib/i386-linux-gnu/libselinux.so.1
b2d26000-b2d27000 r--p 0001f000 08:15 17170457   /lib/i386-linux-gnu/libselinux.so.1
b2d27000-b2d28000 rw-p 00020000 08:15 17170457   /lib/i386-linux-gnu/libselinux.so.1
b2d28000-b2d2a000 r-xp 00000000 08:15 9046896    /usr/lib/i386-linux-gnu/libXdamage.so.1.1.0
b2d2a000-b2d2b000 r--p 00001000 08:15 9046896    /usr/lib/i386-linux-gnu/libXdamage.so.1.1.0
b2d2b000-b2d2c000 rw-p 00002000 08:15 9046896    /usr/lib/i386-linux-gnu/libXdamage.so.1.1.0
b2d2c000-b2d2e000 r-xp 00000000 08:15 9046874    /usr/lib/i386-linux-gnu/libXcomposite.so.1.0.0
b2d2e000-b2d2f000 r--p 00001000 08:15 9046874    /usr/lib/i386-linux-gnu/libXcomposite.so.1.0.0
b2d2f000-b2d30000 rw-p 00002000 08:15 9046874    /usr/lib/i386-linux-gnu/libXcomposite.so.1.0.0
b2d30000-b2d39000 r-xp 00000000 08:15 9049924    /usr/lib/i386-linux-gnu/libXcursor.so.1.0.2
b2d39000-b2d3a000 r--p 00008000 08:15 9049924    /usr/lib/i386-linux-gnu/libXcursor.so.1.0.2
b2d3a000-b2d3b000 rw-p 00009000 08:15 9049924    /usr/lib/i386-linux-gnu/libXcursor.so.1.0.2
b2d3b000-b2d44000 r-xp 00000000 08:15 9049920    /usr/lib/i386-linux-gnu/libXrandr.so.2.2.0
b2d44000-b2d45000 r--p 00008000 08:15 9049920    /usr/lib/i386-linux-gnu/libXrandr.so.2.2.0
b2d45000-b2d46000 rw-p 00009000 08:15 9049920    /usr/lib/i386-linux-gnu/libXrandr.so.2.2.0
b2d46000-b2d48000 r-xp 00000000 08:15 9049891    /usr/lib/i386-linux-gnu/libXinerama.so.1.0.0
b2d48000-b2d49000 r--p 00001000 08:15 9049891    /usr/lib/i386-linux-gnu/libXinerama.so.1.0.0
b2d49000-b2d4a000 rw-p 00002000 08:15 9049891    /usr/lib/i386-linux-gnu/libXinerama.so.1.0.0
b2d4a000-b2d5d000 r-xp 00000000 08:15 9047082    /usr/lib/i386-linux-gnu/libpangoft2-1.0.so.0.3200.5
b2d5d000-b2d5e000 r--p 00013000 08:15 9047082    /usr/lib/i386-linux-gnu/libpangoft2-1.0.so.0.3200.5
b2d5e000-b2d5f000 rw-p 00014000 08:15 9047082    /usr/lib/i386-linux-gnu/libpangoft2-1.0.so.0.3200.5
b2d5f000-b2e7c000 r-xp 00000000 08:15 9046675    /usr/lib/i386-linux-gnu/libcairo.so.2.11200.16
b2e7c000-b2e7e000 r--p 0011d000 08:15 9046675    /usr/lib/i386-linux-gnu/libcairo.so.2.11200.16
b2e7e000-b2e7f000 rw-p 0011f000 08:15 9046675    /usr/lib/i386-linux-gnu/libcairo.so.2.11200.16
b2e7f000-b2e80000 rw-p 00000000 00:00 0 
b2e80000-b2e9e000 r-xp 00000000 08:15 9045958    /usr/lib/i386-linux-gnu/libatk-1.0.so.0.21009.1
b2e9e000-b2ea0000 r--p 0001d000 08:15 9045958    /usr/lib/i386-linux-gnu/libatk-1.0.so.0.21009.1
b2ea0000-b2ea1000 rw-p 0001f000 08:15 9045958    /usr/lib/i386-linux-gnu/libatk-1.0.so.0.21009.1
b2ea1000-b2ea5000 r-xp 00000000 08:15 9046445    /usr/lib/i386-linux-gnu/libXfixes.so.3.1.0
b2ea5000-b2ea6000 r--p 00003000 08:15 9046445    /usr/lib/i386-linux-gnu/libXfixes.so.3.1.0
b2ea6000-b2ea7000 rw-p 00004000 08:15 9046445    /usr/lib/i386-linux-gnu/libXfixes.so.3.1.0
b2ea7000-b2eb2000 r-xp 00000000 08:15 9048117    /usr/lib/i386-linux-gnu/libpangocairo-1.0.so.0.3200.5
b2eb2000-b2eb3000 r--p 0000a000 08:15 9048117    /usr/lib/i386-linux-gnu/libpangocairo-1.0.so.0.3200.5
b2eb3000-b2eb4000 rw-p 0000b000 08:15 9048117    /usr/lib/i386-linux-gnu/libpangocairo-1.0.so.0.3200.5
b2eb4000-b2eb7000 r-xp 00000000 08:15 9046691    /usr/lib/i386-linux-gnu/libgmodule-2.0.so.0.3800.1
b2eb7000-b2eb8000 r--p 00002000 08:15 9046691    /usr/lib/i386-linux-gnu/libgmodule-2.0.so.0.3800.1
b2eb8000-b2eb9000 rw-p 00003000 08:15 9046691    /usr/lib/i386-linux-gnu/libgmodule-2.0.so.0.3800.1
b2eb9000-b2ed8000 r-xp 00000000 08:15 9047686    /usr/lib/i386-linux-gnu/libxcb.so.1.1.0
b2ed8000-b2ed9000 r--p 0001f000 08:15 9047686    /usr/lib/i386-linux-gnu/libxcb.so.1.1.0
b2ed9000-b2eda000 rw-p 00020000 08:15 9047686    /usr/lib/i386-linux-gnu/libxcb.so.1.1.0
b2eda000-b2f41000 r-xp 00000000 08:15 9044068    /usr/lib/i386-linux-gnu/libcups.so.2
b2f41000-b2f45000 r--p 00067000 08:15 9044068    /usr/lib/i386-linux-gnu/libcups.so.2
b2f45000-b2f46000 rw-p 0006b000 08:15 9044068    /usr/lib/i386-linux-gnu/libcups.so.2
b2f46000-b3048000 r-xp 00000000 08:15 17171411   /lib/i386-linux-gnu/libglib-2.0.so.0.3800.1
b3048000-b3049000 r--p 00101000 08:15 17171411   /lib/i386-linux-gnu/libglib-2.0.so.0.3800.1
b3049000-b304a000 rw-p 00102000 08:15 17171411   /lib/i386-linux-gnu/libglib-2.0.so.0.3800.1
b304a000-b309a000 r-xp 00000000 08:15 9046692    /usr/lib/i386-linux-gnu/libgobject-2.0.so.0.3800.1
b309a000-b309b000 r--p 0004f000 08:15 9046692    /usr/lib/i386-linux-gnu/libgobject-2.0.so.0.3800.1
b309b000-b309c000 rw-p 00050000 08:15 9046692    /usr/lib/i386-linux-gnu/libgobject-2.0.so.0.3800.1
b309c000-b30d4000 r-xp 00000000 08:15 9044366    /usr/lib/i386-linux-gnu/libfontconfig.so.1.7.0
b30d4000-b30d5000 r--p 00038000 08:15 9044366    /usr/lib/i386-linux-gnu/libfontconfig.so.1.7.0
b30d5000-b30d6000 rw-p 00039000 08:15 9044366    /usr/lib/i386-linux-gnu/libfontconfig.so.1.7.0
b30d6000-b3120000 r-xp 00000000 08:15 9047015    /usr/lib/i386-linux-gnu/libpango-1.0.so.0.3200.5
b3120000-b3121000 ---p 0004a000 08:15 9047015    /usr/lib/i386-linux-gnu/libpango-1.0.so.0.3200.5
b3121000-b3122000 r--p 0004a000 08:15 9047015    /usr/lib/i386-linux-gnu/libpango-1.0.so.0.3200.5
b3122000-b3123000 rw-p 0004b000 08:15 9047015    /usr/lib/i386-linux-gnu/libpango-1.0.so.0.3200.5
b3123000-b3144000 r-xp 00000000 08:15 9049208    /usr/lib/i386-linux-gnu/libgdk_pixbuf-2.0.so.0.2800.1
b3144000-b3145000 r--p 00020000 08:15 9049208    /usr/lib/i386-linux-gnu/libgdk_pixbuf-2.0.so.0.2800.1
b3145000-b3146000 rw-p 00021000 08:15 9049208    /usr/lib/i386-linux-gnu/libgdk_pixbuf-2.0.so.0.2800.1
b3146000-b32b2000 r-xp 00000000 08:15 9048968    /usr/lib/i386-linux-gnu/libgio-2.0.so.0.3800.1
b32b2000-b32b3000 ---p 0016c000 08:15 9048968    /usr/lib/i386-linux-gnu/libgio-2.0.so.0.3800.1
b32b3000-b32b5000 r--p 0016c000 08:15 9048968    /usr/lib/i386-linux-gnu/libgio-2.0.so.0.3800.1
b32b5000-b32b6000 rw-p 0016e000 08:15 9048968    /usr/lib/i386-linux-gnu/libgio-2.0.so.0.3800.1
b32b6000-b32b7000 rw-p 00000000 00:00 0 
b32b7000-b3362000 r-xp 00000000 08:15 9049975    /usr/lib/i386-linux-gnu/libgdk-x11-2.0.so.0.2400.20
b3362000-b3364000 r--p 000ab000 08:15 9049975    /usr/lib/i386-linux-gnu/libgdk-x11-2.0.so.0.2400.20
b3364000-b3365000 rw-p 000ad000 08:15 9049975    /usr/lib/i386-linux-gnu/libgdk-x11-2.0.so.0.2400.20
b3365000-b37cc000 r-xp 00000000 08:15 9049976    /usr/lib/i386-linux-gnu/libgtk-x11-2.0.so.0.2400.20
b37cc000-b37d0000 r--p 00466000 08:15 9049976    /usr/lib/i386-linux-gnu/libgtk-x11-2.0.so.0.2400.20
b37d0000-b37d2000 rw-p 0046a000 08:15 9049976    /usr/lib/i386-linux-gnu/libgtk-x11-2.0.so.0.2400.20
b37d2000-b37d4000 rw-p 00000000 00:00 0 
b37d4000-b37e3000 r-xp 00000000 08:15 9047942    /usr/lib/i386-linux-gnu/libXi.so.6.1.0
b37e3000-b37e4000 r--p 0000e000 08:15 9047942    /usr/lib/i386-linux-gnu/libXi.so.6.1.0
b37e4000-b37e5000 rw-p 0000f000 08:15 9047942    /usr/lib/i386-linux-gnu/libXi.so.6.1.0
b37e5000-b3915000 r-xp 00000000 08:15 9049151    /usr/lib/i386-linux-gnu/libX11.so.6.3.0
b3915000-b3916000 ---p 00130000 08:15 9049151    /usr/lib/i386-linux-gnu/libX11.so.6.3.0
b3916000-b3917000 r--p 00130000 08:15 9049151    /usr/lib/i386-linux-gnu/libX11.so.6.3.0
b3917000-b3919000 rw-p 00131000 08:15 9049151    /usr/lib/i386-linux-gnu/libX11.so.6.3.0
b3919000-b391a000 rw-p 00000000 00:00 0 
b391a000-b392b000 r-xp 00000000 08:15 9049179    /usr/lib/i386-linux-gnu/libXext.so.6.4.0
b392b000-b392c000 r--p 00010000 08:15 9049179    /usr/lib/i386-linux-gnu/libXext.so.6.4.0
b392c000-b392d000 rw-p 00011000 08:15 9049179    /usr/lib/i386-linux-gnu/libXext.so.6.4.0
b392d000-b3936000 r-xp 00000000 08:15 17170549   /lib/i386-linux-gnu/libjson-c.so.2.0.1
b3936000-b3937000 r--p 00008000 08:15 17170549   /lib/i386-linux-gnu/libjson-c.so.2.0.1
b3937000-b3938000 rw-p 00009000 08:15 17170549   /lib/i386-linux-gnu/libjson-c.so.2.0.1
b3938000-b393c000 r-xp 00000000 08:15 9045738    /usr/lib/i386-linux-gnu/libXxf86vm.so.1.0.0
b393c000-b393d000 r--p 00004000 08:15 9045738    /usr/lib/i386-linux-gnu/libXxf86vm.so.1.0.0
b393d000-b393e000 rw-p 00005000 08:15 9045738    /usr/lib/i386-linux-gnu/libXxf86vm.so.1.0.0
b393e000-b393f000 r-xp 00000000 08:15 9440697    /usr/lib/jvm/java-7-openjdk-i386/jre/lib/i386/libjawt.so
b393f000-b3940000 r--p 00000000 08:15 9440697    /usr/lib/jvm/java-7-openjdk-i386/jre/lib/i386/libjawt.so
b3940000-b3941000 rw-p 00001000 08:15 9440697    /usr/lib/jvm/java-7-openjdk-i386/jre/lib/i386/libjawt.so
b3941000-b394b000 r--s 000b8000 08:15 9443639    /usr/lib/jvm/java-7-openjdk-i386/jre/lib/resources.jar
b394b000-b399c000 r-xp 00000000 08:15 9440059    /usr/lib/jvm/java-7-openjdk-i386/jre/lib/i386/xawt/libmawt.so
b399c000-b399d000 r--p 00050000 08:15 9440059    /usr/lib/jvm/java-7-openjdk-i386/jre/lib/i386/xawt/libmawt.so
b399d000-b399f000 rw-p 00051000 08:15 9440059    /usr/lib/jvm/java-7-openjdk-i386/jre/lib/i386/xawt/libmawt.so
b399f000-b39a0000 rw-p 00000000 00:00 0 
b39a0000-b3a2f000 r-xp 00000000 08:15 9440591    /usr/lib/jvm/java-7-openjdk-i386/jre/lib/i386/libawt.so
b3a2f000-b3a30000 r--p 0008e000 08:15 9440591    /usr/lib/jvm/java-7-openjdk-i386/jre/lib/i386/libawt.so
b3a30000-b3a37000 rw-p 0008f000 08:15 9440591    /usr/lib/jvm/java-7-openjdk-i386/jre/lib/i386/libawt.so
b3a37000-b3a5b000 rw-p 00000000 00:00 0 
b3a5b000-b3acb000 r-xp 00000000 08:15 18743436   /tmp/libgdxbrett/3569bb34/libgdx.so
b3acb000-b3acc000 r--p 00070000 08:15 18743436   /tmp/libgdxbrett/3569bb34/libgdx.so
b3acc000-b3acd000 rw-p 00071000 08:15 18743436   /tmp/libgdxbrett/3569bb34/libgdx.so
b3acd000-b3ace000 ---p 00000000 00:00 0 
b3ace000-b3b4e000 rw-p 00000000 00:00 0          [stack:2166]
b3b4e000-b3b51000 ---p 00000000 00:00 0 
b3b51000-b3bcf000 rw-p 00000000 00:00 0          [stack:2161]
b3bcf000-b3d00000 r--p 001ca000 08:15 9048522    /usr/lib/locale/locale-archive
b3d00000-b3f00000 r--p 00000000 08:15 9048522    /usr/lib/locale/locale-archive
b3f00000-b3ffd000 rw-p 00000000 00:00 0 
b3ffd000-b4000000 ---p 00000000 00:00 0 
b4000000-b4001000 r--p 00000000 08:15 10231515   /usr/share/locale-langpack/en_GB/LC_MESSAGES/pulseaudio.mo
b4001000-b4002000 r--p 00000000 08:15 10231539   /usr/share/locale-langpack/en_GB/LC_MESSAGES/libc.mo
b4002000-b400b000 r-xp 00000000 08:15 9049162    /usr/lib/i386-linux-gnu/libXrender.so.1.3.0
b400b000-b400c000 r--p 00008000 08:15 9049162    /usr/lib/i386-linux-gnu/libXrender.so.1.3.0
b400c000-b400d000 rw-p 00009000 08:15 9049162    /usr/lib/i386-linux-gnu/libXrender.so.1.3.0
b400d000-b4010000 ---p 00000000 00:00 0 
b4010000-b405e000 rw-p 00000000 00:00 0          [stack:2162]
b405e000-b4061000 ---p 00000000 00:00 0 
b4061000-b40af000 rw-p 00000000 00:00 0          [stack:2160]
b40af000-b40b2000 ---p 00000000 00:00 0 
b40b2000-b4100000 rw-p 00000000 00:00 0          [stack:2150]
b4100000-b41a0000 rw-p 00000000 00:00 0 
b41a0000-b4200000 ---p 00000000 00:00 0 
b4200000-b4201000 r-xp 00000000 08:15 9048965    /usr/lib/i386-linux-gnu/libgthread-2.0.so.0.3800.1
b4201000-b4202000 r--p 00000000 08:15 9048965    /usr/lib/i386-linux-gnu/libgthread-2.0.so.0.3800.1
b4202000-b4203000 rw-p 00001000 08:15 9048965    /usr/lib/i386-linux-gnu/libgthread-2.0.so.0.3800.1
b4203000-b4208000 r-xp 00000000 08:15 9047178    /usr/lib/i386-linux-gnu/libXtst.so.6.1.0
b4208000-b4209000 r--p 00004000 08:15 9047178    /usr/lib/i386-linux-gnu/libXtst.so.6.1.0
b4209000-b420a000 rw-p 00005000 08:15 9047178    /usr/lib/i386-linux-gnu/libXtst.so.6.1.0
b420a000-b4215000 r--s 00203000 08:15 9443618    /usr/lib/jvm/java-7-openjdk-i386/jre/lib/charsets.jar
b4215000-b4217000 r--s 0019e000 08:15 1839217    /home/brett/hexbit/tetris/tetris-git-repo/HexbitTetris-desktop/libs/gdx-backend-lwjgl-natives.jar
b4217000-b4228000 r--s 00127000 08:15 1839219    /home/brett/hexbit/tetris/tetris-git-repo/HexbitTetris-desktop/libs/gdx-backend-lwjgl.jar
b4228000-b423e000 r--s 00149000 08:15 1839273    /home/brett/hexbit/tetris/tetris-git-repo/HexbitTetris/libs/gdx.jar
b423e000-b4240000 r--s 00012000 08:15 9440734    /usr/lib/jvm/java-7-openjdk-i386/jre/lib/ext/zipfs.jar
b4240000-b4243000 r--s 00032000 08:15 9440736    /usr/lib/jvm/java-7-openjdk-i386/jre/lib/ext/sunjce_provider.jar
b4243000-b4247000 r--s 00085000 08:15 9440732    /usr/lib/jvm/java-7-openjdk-i386/jre/lib/ext/localedata.jar
b4247000-b424a000 ---p 00000000 00:00 0 
b424a000-b4298000 rw-p 00000000 00:00 0          [stack:2149]
b4298000-b4299000 ---p 00000000 00:00 0 
b4299000-b4361000 rw-p 00000000 00:00 0          [stack:2146]
b4361000-b450f000 r--s 01cf4000 08:15 9443641    /usr/lib/jvm/java-7-openjdk-i386/jre/lib/rt.jar
b450f000-b4516000 rw-p 00000000 00:00 0 
b4516000-b4530000 rw-p 00000000 00:00 0 
b4530000-b4536000 rw-p 00000000 00:00 0 
b4536000-b45db000 rw-p 00000000 00:00 0 
b45db000-b45de000 rw-p 00000000 00:00 0 
b45de000-b4630000 rw-p 00000000 00:00 0 
b4630000-b4636000 rw-p 00000000 00:00 0 
b4636000-b46db000 rw-p 00000000 00:00 0 
b46db000-b46e1000 rw-p 00000000 00:00 0 
b46e1000-b46fb000 rw-p 00000000 00:00 0 
b46fb000-b470b000 rw-p 00000000 00:00 0 
b470b000-b4787000 rw-p 00000000 00:00 0 
b4787000-b484f000 rwxp 00000000 00:00 0 
b484f000-b6787000 rw-p 00000000 00:00 0 
b6787000-b6792000 r-xp 00000000 08:15 17171294   /lib/i386-linux-gnu/libnss_files-2.17.so
b6792000-b6793000 r--p 0000a000 08:15 17171294   /lib/i386-linux-gnu/libnss_files-2.17.so
b6793000-b6794000 rw-p 0000b000 08:15 17171294   /lib/i386-linux-gnu/libnss_files-2.17.so
b6794000-b679e000 r-xp 00000000 08:15 17171290   /lib/i386-linux-gnu/libnss_nis-2.17.so
b679e000-b679f000 r--p 00009000 08:15 17171290   /lib/i386-linux-gnu/libnss_nis-2.17.so
b679f000-b67a0000 rw-p 0000a000 08:15 17171290   /lib/i386-linux-gnu/libnss_nis-2.17.so
b67a0000-b67b5000 r-xp 00000000 08:15 17171224   /lib/i386-linux-gnu/libnsl-2.17.so
b67b5000-b67b6000 r--p 00014000 08:15 17171224   /lib/i386-linux-gnu/libnsl-2.17.so
b67b6000-b67b7000 rw-p 00015000 08:15 17171224   /lib/i386-linux-gnu/libnsl-2.17.so
b67b7000-b67b9000 rw-p 00000000 00:00 0 
b67b9000-b67bc000 r--s 0000f000 08:15 9440730    /usr/lib/jvm/java-7-openjdk-i386/jre/lib/ext/pulse-java.jar
b67bc000-b67c0000 r--s 0003b000 08:15 9440738    /usr/lib/jvm/java-7-openjdk-i386/jre/lib/ext/sunpkcs11.jar
b67c0000-b67cd000 rw-p 00000000 00:00 0 
b67cd000-b67d5000 r-xp 00000000 08:15 9440707    /usr/lib/jvm/java-7-openjdk-i386/jre/lib/i386/libzip.so
b67d5000-b67d6000 r--p 00007000 08:15 9440707    /usr/lib/jvm/java-7-openjdk-i386/jre/lib/i386/libzip.so
b67d6000-b67d7000 rw-p 00008000 08:15 9440707    /usr/lib/jvm/java-7-openjdk-i386/jre/lib/i386/libzip.so
b67d7000-b67fe000 r-xp 00000000 08:15 9440592    /usr/lib/jvm/java-7-openjdk-i386/jre/lib/i386/libjava.so
b67fe000-b67ff000 r--p 00026000 08:15 9440592    /usr/lib/jvm/java-7-openjdk-i386/jre/lib/i386/libjava.so
b67ff000-b6800000 rw-p 00027000 08:15 9440592    /usr/lib/jvm/java-7-openjdk-i386/jre/lib/i386/libjava.so
b6800000-b68fd000 rw-p 00000000 00:00 0 
b68fd000-b6900000 ---p 00000000 00:00 0 
b6900000-b6901000 r--s 00124000 08:15 1839220    /home/brett/hexbit/tetris/tetris-git-repo/HexbitTetris-desktop/libs/gdx-natives.jar
b6901000-b6902000 r--s 00002000 08:15 9440728    /usr/lib/jvm/java-7-openjdk-i386/jre/lib/ext/dnsns.jar
b6902000-b690a000 rw-s 00000000 08:15 18743433   /tmp/hsperfdata_brett/2137
b690a000-b6911000 r-xp 00000000 08:15 17170487   /lib/i386-linux-gnu/librt-2.17.so
b6911000-b6912000 r--p 00006000 08:15 17170487   /lib/i386-linux-gnu/librt-2.17.so
b6912000-b6913000 rw-p 00007000 08:15 17170487   /lib/i386-linux-gnu/librt-2.17.so
b6913000-b6916000 ---p 00000000 00:00 0 
b6916000-b6964000 rw-p 00000000 00:00 0          [stack:2142]
b6964000-b697f000 r-xp 00000000 08:15 17170445   /lib/i386-linux-gnu/libgcc_s.so.1
b697f000-b6980000 r--p 0001a000 08:15 17170445   /lib/i386-linux-gnu/libgcc_s.so.1
b6980000-b6981000 rw-p 0001b000 08:15 17170445   /lib/i386-linux-gnu/libgcc_s.so.1
b6981000-b69c2000 r-xp 00000000 08:15 17171288   /lib/i386-linux-gnu/libm-2.17.so
b69c2000-b69c3000 r--p 00040000 08:15 17171288   /lib/i386-linux-gnu/libm-2.17.so
b69c3000-b69c4000 rw-p 00041000 08:15 17171288   /lib/i386-linux-gnu/libm-2.17.so
b69c4000-b6aa1000 r-xp 00000000 08:15 9047167    /usr/lib/i386-linux-gnu/libstdc++.so.6.0.18
b6aa1000-b6aa5000 r--p 000dc000 08:15 9047167    /usr/lib/i386-linux-gnu/libstdc++.so.6.0.18
b6aa5000-b6aa6000 rw-p 000e0000 08:15 9047167    /usr/lib/i386-linux-gnu/libstdc++.so.6.0.18
b6aa6000-b6aad000 rw-p 00000000 00:00 0 
b6aad000-b70c1000 r-xp 00000000 08:15 9440723    /usr/lib/jvm/java-7-openjdk-i386/jre/lib/i386/client/libjvm.so
b70c1000-b70d7000 r--p 00613000 08:15 9440723    /usr/lib/jvm/java-7-openjdk-i386/jre/lib/i386/client/libjvm.so
b70d7000-b70e6000 rw-p 00629000 08:15 9440723    /usr/lib/jvm/java-7-openjdk-i386/jre/lib/i386/client/libjvm.so
b70e6000-b7501000 rw-p 00000000 00:00 0 
b7501000-b7519000 r-xp 00000000 08:15 17171195   /lib/i386-linux-gnu/libz.so.1.2.8
b7519000-b751a000 r--p 00017000 08:15 17171195   /lib/i386-linux-gnu/libz.so.1.2.8
b751a000-b751b000 rw-p 00018000 08:15 17171195   /lib/i386-linux-gnu/libz.so.1.2.8
b751b000-b7532000 r-xp 00000000 08:15 17171287   /lib/i386-linux-gnu/libpthread-2.17.so
b7532000-b7533000 r--p 00016000 08:15 17171287   /lib/i386-linux-gnu/libpthread-2.17.so
b7533000-b7534000 rw-p 00017000 08:15 17171287   /lib/i386-linux-gnu/libpthread-2.17.so
b7534000-b7536000 rw-p 00000000 00:00 0 
b7536000-b7539000 r-xp 00000000 08:15 17171273   /lib/i386-linux-gnu/libdl-2.17.so
b7539000-b753a000 r--p 00002000 08:15 17171273   /lib/i386-linux-gnu/libdl-2.17.so
b753a000-b753b000 rw-p 00003000 08:15 17171273   /lib/i386-linux-gnu/libdl-2.17.so
b753b000-b76e9000 r-xp 00000000 08:15 17171272   /lib/i386-linux-gnu/libc-2.17.so
b76e9000-b76eb000 r--p 001ae000 08:15 17171272   /lib/i386-linux-gnu/libc-2.17.so
b76eb000-b76ec000 rw-p 001b0000 08:15 17171272   /lib/i386-linux-gnu/libc-2.17.so
b76ec000-b76f0000 rw-p 00000000 00:00 0 
b76f0000-b76f2000 r--s 00006000 08:15 9179906    /usr/share/java/java-atk-wrapper.jar
b76f2000-b76f3000 r--p 0092d000 08:15 9048522    /usr/lib/locale/locale-archive
b76f3000-b76fa000 r-xp 00000000 08:15 17171285   /lib/i386-linux-gnu/libnss_compat-2.17.so
b76fa000-b76fb000 r--p 00006000 08:15 17171285   /lib/i386-linux-gnu/libnss_compat-2.17.so
b76fb000-b76fc000 rw-p 00007000 08:15 17171285   /lib/i386-linux-gnu/libnss_compat-2.17.so
b76fc000-b76fd000 rw-p 00000000 00:00 0 
b76fd000-b76fe000 r--p 00000000 00:00 0 
b76fe000-b770c000 r-xp 00000000 08:15 9440706    /usr/lib/jvm/java-7-openjdk-i386/jre/lib/i386/libverify.so
b770c000-b770d000 r--p 0000d000 08:15 9440706    /usr/lib/jvm/java-7-openjdk-i386/jre/lib/i386/libverify.so
b770d000-b770e000 rw-p 0000e000 08:15 9440706    /usr/lib/jvm/java-7-openjdk-i386/jre/lib/i386/libverify.so
b770e000-b771a000 r-xp 00000000 08:15 9440696    /usr/lib/jvm/java-7-openjdk-i386/jre/lib/i386/jli/libjli.so
b771a000-b771b000 r--p 0000c000 08:15 9440696    /usr/lib/jvm/java-7-openjdk-i386/jre/lib/i386/jli/libjli.so
b771b000-b771c000 rw-p 0000d000 08:15 9440696    /usr/lib/jvm/java-7-openjdk-i386/jre/lib/i386/jli/libjli.so
b771c000-b771e000 rw-p 00000000 00:00 0 
b771e000-b771f000 r-xp 00000000 00:00 0          [vdso]
b771f000-b773f000 r-xp 00000000 08:15 17171266   /lib/i386-linux-gnu/ld-2.17.so
b773f000-b7740000 r--p 0001f000 08:15 17171266   /lib/i386-linux-gnu/ld-2.17.so
b7740000-b7741000 rw-p 00020000 08:15 17171266   /lib/i386-linux-gnu/ld-2.17.so
bf825000-bf846000 rw-p 00000000 00:00 0          [stack]

VM Arguments:
jvm_args: -Dfile.encoding=UTF-8 
java_command: com.hexbit.tetris.Main
Launcher Type: SUN_STANDARD

Environment Variables:
PATH=/home/brett/bin:/usr/lib/lightdm/lightdm:/usr/local/sbin:/usr/local/bin:/usr/sbin:/usr/bin:/sbin:/bin:/usr/games:/usr/local/games
LD_LIBRARY_PATH=/usr/lib/jvm/java-7-openjdk-i386/jre/lib/i386/client:/usr/lib/jvm/java-7-openjdk-i386/jre/lib/i386:
SHELL=/bin/bash
DISPLAY=:0.0

Signal Handlers:
SIGSEGV: [libjvm.so+0x4d47e0], sa_mask[0]=0x7ffbfeff, sa_flags=0x10000004
SIGBUS: [libjvm.so+0x4d47e0], sa_mask[0]=0x7ffbfeff, sa_flags=0x10000004
SIGFPE: [libjvm.so+0x3b8e60], sa_mask[0]=0x7ffbfeff, sa_flags=0x10000004
SIGPIPE: [libjvm.so+0x3b8e60], sa_mask[0]=0x7ffbfeff, sa_flags=0x10000004
SIGXFSZ: [libjvm.so+0x3b8e60], sa_mask[0]=0x7ffbfeff, sa_flags=0x10000004
SIGILL: [libjvm.so+0x3b8e60], sa_mask[0]=0x7ffbfeff, sa_flags=0x10000004
SIGUSR1: SIG_DFL, sa_mask[0]=0x00000000, sa_flags=0x00000000
SIGUSR2: [libjvm.so+0x3b8cf0], sa_mask[0]=0x00000004, sa_flags=0x10000004
SIGHUP: [libjvm.so+0x3b8f20], sa_mask[0]=0x7ffbfeff, sa_flags=0x10000004
SIGINT: [libjvm.so+0x3b8f20], sa_mask[0]=0x7ffbfeff, sa_flags=0x10000004
SIGTERM: [libjvm.so+0x3b8f20], sa_mask[0]=0x7ffbfeff, sa_flags=0x10000004
SIGQUIT: [libjvm.so+0x3b8f20], sa_mask[0]=0x7ffbfeff, sa_flags=0x10000004


---------------  S Y S T E M  ---------------

OS:Ubuntu 13.10 (saucy)
uname:Linux 3.11.0-15-generic #23-Ubuntu SMP Mon Dec 9 18:16:27 UTC 2013 i686
libc:glibc 2.17 NPTL 2.17 
rlimit: STACK 8192k, CORE 0k, NPROC 15914, NOFILE 4096, AS infinity
load average:7.84 3.54 2.54

/proc/meminfo:
MemTotal:        2054640 kB
MemFree:          325144 kB
Buffers:           49616 kB
Cached:           981680 kB
SwapCached:         1256 kB
Active:           713128 kB
Inactive:         912880 kB
Active(anon):     294276 kB
Inactive(anon):   497696 kB
Active(file):     418852 kB
Inactive(file):   415184 kB
Unevictable:          32 kB
Mlocked:              32 kB
HighTotal:       1174056 kB
HighFree:          15028 kB
LowTotal:         880584 kB
LowFree:          310116 kB
SwapTotal:       2085884 kB
SwapFree:        2066768 kB
Dirty:               848 kB
Writeback:             0 kB
AnonPages:        593580 kB
Mapped:           147712 kB
Shmem:            197260 kB
Slab:              78412 kB
SReclaimable:      63740 kB
SUnreclaim:        14672 kB
KernelStack:        2808 kB
PageTables:        10100 kB
NFS_Unstable:          0 kB
Bounce:                0 kB
WritebackTmp:          0 kB
CommitLimit:     3113204 kB
Committed_AS:    2514812 kB
VmallocTotal:     122880 kB
VmallocUsed:       14880 kB
VmallocChunk:     100824 kB
HardwareCorrupted:     0 kB
AnonHugePages:         0 kB
HugePages_Total:       0
HugePages_Free:        0
HugePages_Rsvd:        0
HugePages_Surp:        0
Hugepagesize:       2048 kB
DirectMap4k:       16376 kB
DirectMap2M:      897024 kB


CPU:total 2 (1 cores per cpu, 2 threads per core) family 15 model 4 stepping 9, cmov, cx8, fxsr, mmx, sse, sse2, sse3, ht, tsc

/proc/cpuinfo:
processor	: 0
vendor_id	: GenuineIntel
cpu family	: 15
model		: 4
model name	: Intel(R) Pentium(R) 4 CPU 2.80GHz
stepping	: 9
microcode	: 0x3
cpu MHz		: 2793.155
cache size	: 1024 KB
physical id	: 0
siblings	: 2
core id		: 0
cpu cores	: 1
apicid		: 0
initial apicid	: 0
fdiv_bug	: no
f00f_bug	: no
coma_bug	: no
fpu		: yes
fpu_exception	: yes
cpuid level	: 5
wp		: yes
flags		: fpu vme de pse tsc msr pae mce cx8 apic sep mtrr pge mca cmov pat pse36 clflush dts acpi mmx fxsr sse sse2 ss ht tm pbe nx lm constant_tsc pebs bts pni dtes64 monitor ds_cpl cid cx16 xtpr lahf_lm
bogomips	: 5586.31
clflush size	: 64
cache_alignment	: 128
address sizes	: 36 bits physical, 48 bits virtual
power management:

processor	: 1
vendor_id	: GenuineIntel
cpu family	: 15
model		: 4
model name	: Intel(R) Pentium(R) 4 CPU 2.80GHz
stepping	: 9
microcode	: 0x3
cpu MHz		: 2793.155
cache size	: 1024 KB
physical id	: 0
siblings	: 2
core id		: 0
cpu cores	: 1
apicid		: 1
initial apicid	: 1
fdiv_bug	: no
f00f_bug	: no
coma_bug	: no
fpu		: yes
fpu_exception	: yes
cpuid level	: 5
wp		: yes
flags		: fpu vme de pse tsc msr pae mce cx8 apic sep mtrr pge mca cmov pat pse36 clflush dts acpi mmx fxsr sse sse2 ss ht tm pbe nx lm constant_tsc pebs bts pni dtes64 monitor ds_cpl cid cx16 xtpr lahf_lm
bogomips	: 5586.31
clflush size	: 64
cache_alignment	: 128
address sizes	: 36 bits physical, 48 bits virtual
power management:



Memory: 4k page, physical 2054640k(325144k free), swap 2085884k(2066768k free)

vm_info: OpenJDK Client VM (24.45-b08) for linux-x86 JRE (1.7.0_51-b00), built on Jan 15 2014 22:11:57 by "buildd" with gcc 4.8.1

time: Sat Feb  1 14:35:17 2014
elapsed time: 2 seconds

